Fri Mar 08 11:48:00 CET 2019 : Apache Derby Network Server - 10.11.1.2 - (1629631) démarré et prêt à accepter les connexions sur le port 1527
----------------------------------------------------------------
Fri Mar 08 11:48:00 CET 2019:
Amorçage de Derby version The Apache Software Foundation - Apache Derby - 10.11.1.2 - (1629631) : instance a816c00e-0169-5cea-a67a-00004a7ea272 
dans le répertoire de base de données C:\Users\5151882\Desktop\HMP\BackEnd\DB\HMP avec le chargeur de classe sun.misc.Launcher$AppClassLoader@1d44bcfa
Chargé de file:/C:/Program%20Files/Java/jdk1.8.0_141/db/lib/derby.jar
java.vendor=Oracle Corporation
java.runtime.version=1.8.0_141-b15
user.dir=C:\Program Files\Java\jdk1.8.0_141\db
os.name=Windows 10
os.arch=amd64
os.version=10.0
derby.system.home=C:\Users\5151882\Desktop\HMP\BackEnd\DB
Chargeur de classe de la base de données démarré - derby.database.classpath = ''
----------------------------------------------------------------
Fri Mar 08 11:48:02 CET 2019:
Fermeture de l'instance a816c00e-0169-5cea-a67a-00004a7ea272 sur le répertoire de base de données C:\Users\5151882\Desktop\HMP\BackEnd\DB\HMP avec le chargeur de classe sun.misc.Launcher$AppClassLoader@1d44bcfa 
Fri Mar 08 11:48:03 CET 2019 Thread[DRDAConnThread_3,5,main] (DATABASE = HMP), (DRDAID = {2}), Arrêt de la base de données 'HMP'.
----------------------------------------------------------------
Fri Mar 08 11:48:17 CET 2019:
Amorçage de Derby version The Apache Software Foundation - Apache Derby - 10.11.1.2 - (1629631) : instance a65c80ac-0169-5cea-a67a-00004a7ea272 
dans le répertoire de base de données C:\Users\5151882\Desktop\HMP\BackEnd\DB\HMP avec le chargeur de classe sun.misc.Launcher$AppClassLoader@1d44bcfa
Chargé de file:/C:/Program%20Files/Java/jdk1.8.0_141/db/lib/derby.jar
java.vendor=Oracle Corporation
java.runtime.version=1.8.0_141-b15
user.dir=C:\Program Files\Java\jdk1.8.0_141\db
os.name=Windows 10
os.arch=amd64
os.version=10.0
derby.system.home=C:\Users\5151882\Desktop\HMP\BackEnd\DB
Chargeur de classe de la base de données démarré - derby.database.classpath = ''
